<?xml version="1.0" encoding="UTF-8"?>
<!-- Generated by org.testng.reporters.JUnitReportReporter -->
<testsuite hostname="MIGHTYSURYA11" failures="0" tests="1" name="runner.run" time="11.845" errors="0" timestamp="2024-07-02T17:36:24 IST" skipped="0">
  <testcase classname="runner.run" name="runScenario" time="11.845"/>
</testsuite> <!-- runner.run -->
